Determining if the pthread_create exist failed with the following output:
Change Dir: /home/kevin/research/gazebo/msgs/src/pose_estimation_result/build/CMakeFiles/CMakeTmp

Run Build Command:/usr/bin/make "cmTryCompileExec1129577028/fast"
/usr/bin/make -f CMakeFiles/cmTryCompileExec1129577028.dir/build.make CMakeFiles/cmTryCompileExec1129577028.dir/build
make[1]: Entering directory `/home/kevin/research/gazebo/msgs/src/pose_estimation_result/build/CMakeFiles/CMakeTmp'
/usr/bin/cmake -E cmake_progress_report /home/kevin/research/gazebo/msgs/src/pose_estimation_result/build/CMakeFiles/CMakeTmp/CMakeFiles 1
Building C object CMakeFiles/cmTryCompileExec1129577028.dir/CheckSymbolExists.c.o
/usr/bin/gcc-4.9    -o CMakeFiles/cmTryCompileExec1129577028.dir/CheckSymbolExists.c.o   -c /home/kevin/research/gazebo/msgs/src/pose_estimation_result/build/CMakeFiles/CMakeTmp/CheckSymbolExists.c
Linking C executable cmTryCompileExec1129577028
/usr/bin/cmake -E cmake_link_script CMakeFiles/cmTryCompileExec1129577028.dir/link.txt --verbose=1
/usr/bin/gcc-4.9       CMakeFiles/cmTryCompileExec1129577028.dir/CheckSymbolExists.c.o  -o cmTryCompileExec1129577028 -rdynamic 
CMakeFiles/cmTryCompileExec1129577028.dir/CheckSymbolExists.c.o: In function `main':
CheckSymbolExists.c:(.text+0x16): undefined reference to `pthread_create'
collect2: error: ld returned 1 exit status
make[1]: Leaving directory `/home/kevin/research/gazebo/msgs/src/pose_estimation_result/build/CMakeFiles/CMakeTmp'
make[1]: *** [cmTryCompileExec1129577028] Error 1
make: *** [cmTryCompileExec1129577028/fast] Error 2

File /home/kevin/research/gazebo/msgs/src/pose_estimation_result/build/CMakeFiles/CMakeTmp/CheckSymbolExists.c:
/* */
#include <pthread.h>

int main(int argc, char** argv)
{
  (void)argv;
#ifndef pthread_create
  return ((int*)(&pthread_create))[argc];
#else
  (void)argc;
  return 0;
#endif
}

Determining if the function pthread_create exists in the pthreads failed with the following output:
Change Dir: /home/kevin/research/gazebo/msgs/src/pose_estimation_result/build/CMakeFiles/CMakeTmp

Run Build Command:/usr/bin/make "cmTryCompileExec2029560839/fast"
/usr/bin/make -f CMakeFiles/cmTryCompileExec2029560839.dir/build.make CMakeFiles/cmTryCompileExec2029560839.dir/build
make[1]: Entering directory `/home/kevin/research/gazebo/msgs/src/pose_estimation_result/build/CMakeFiles/CMakeTmp'
/usr/bin/cmake -E cmake_progress_report /home/kevin/research/gazebo/msgs/src/pose_estimation_result/build/CMakeFiles/CMakeTmp/CMakeFiles 1
Building C object CMakeFiles/cmTryCompileExec2029560839.dir/CheckFunctionExists.c.o
/usr/bin/gcc-4.9   -DCHECK_FUNCTION_EXISTS=pthread_create   -o CMakeFiles/cmTryCompileExec2029560839.dir/CheckFunctionExists.c.o   -c /usr/share/cmake-2.8/Modules/CheckFunctionExists.c
Linking C executable cmTryCompileExec2029560839
/usr/bin/cmake -E cmake_link_script CMakeFiles/cmTryCompileExec2029560839.dir/link.txt --verbose=1
/usr/bin/gcc-4.9   -DCHECK_FUNCTION_EXISTS=pthread_create    CMakeFiles/cmTryCompileExec2029560839.dir/CheckFunctionExists.c.o  -o cmTryCompileExec2029560839 -rdynamic -lpthreads 
/usr/bin/ld: cannot find -lpthreads
collect2: error: ld returned 1 exit status
make[1]: Leaving directory `/home/kevin/research/gazebo/msgs/src/pose_estimation_result/build/CMakeFiles/CMakeTmp'
make[1]: *** [cmTryCompileExec2029560839] Error 1
make: *** [cmTryCompileExec2029560839/fast] Error 2


